mode: set
github.com/emby/emby-go/internal/service/session/session.go:38.66,44.2 1 1
github.com/emby/emby-go/internal/service/session/session.go:47.61,51.49 3 1
github.com/emby/emby-go/internal/service/session/session.go:51.49,53.3 1 0
github.com/emby/emby-go/internal/service/session/session.go:55.2,56.21 2 1
github.com/emby/emby-go/internal/service/session/session.go:56.21,58.3 1 1
github.com/emby/emby-go/internal/service/session/session.go:59.2,59.12 1 1
github.com/emby/emby-go/internal/service/session/session.go:63.62,69.2 4 1
github.com/emby/emby-go/internal/service/session/session.go:72.51,77.37 4 1
github.com/emby/emby-go/internal/service/session/session.go:77.37,79.3 1 1
github.com/emby/emby-go/internal/service/session/session.go:80.2,80.17 1 1
github.com/emby/emby-go/internal/service/session/session.go:84.96,89.13 4 1
github.com/emby/emby-go/internal/service/session/session.go:89.13,91.3 1 0
github.com/emby/emby-go/internal/service/session/session.go:93.2,93.21 1 1
github.com/emby/emby-go/internal/service/session/session.go:93.21,95.3 1 1
github.com/emby/emby-go/internal/service/session/session.go:96.2,96.19 1 1
github.com/emby/emby-go/internal/service/session/session.go:96.19,98.3 1 0
github.com/emby/emby-go/internal/service/session/session.go:99.2,99.21 1 1
github.com/emby/emby-go/internal/service/session/session.go:99.21,101.3 1 0
github.com/emby/emby-go/internal/service/session/session.go:103.2,104.12 2 1
github.com/emby/emby-go/internal/service/session/session.go:108.50,112.42 3 1
github.com/emby/emby-go/internal/service/session/session.go:112.42,114.3 1 0
github.com/emby/emby-go/internal/service/session/session.go:116.2,117.21 2 1
github.com/emby/emby-go/internal/service/session/session.go:117.21,119.3 1 1
github.com/emby/emby-go/internal/service/session/session.go:120.2,120.12 1 1
github.com/emby/emby-go/internal/service/session/session.go:124.73,129.37 4 1
github.com/emby/emby-go/internal/service/session/session.go:129.37,130.39 1 1
github.com/emby/emby-go/internal/service/session/session.go:130.39,132.4 1 1
github.com/emby/emby-go/internal/service/session/session.go:134.2,134.17 1 1
github.com/emby/emby-go/internal/service/session/session.go:138.72,143.37 4 1
github.com/emby/emby-go/internal/service/session/session.go:143.37,144.41 1 1
github.com/emby/emby-go/internal/service/session/session.go:144.41,146.4 1 1
github.com/emby/emby-go/internal/service/session/session.go:148.2,148.17 1 1
github.com/emby/emby-go/internal/service/session/session.go:152.47,157.37 4 1
github.com/emby/emby-go/internal/service/session/session.go:157.37,158.58 1 1
github.com/emby/emby-go/internal/service/session/session.go:158.58,160.4 1 1
github.com/emby/emby-go/internal/service/session/session.go:162.2,162.14 1 1
github.com/emby/emby-go/internal/service/session/websocket.go:17.42,19.3 1 0
github.com/emby/emby-go/internal/service/session/websocket.go:41.84,47.2 1 0
github.com/emby/emby-go/internal/service/session/websocket.go:50.106,52.16 2 0
github.com/emby/emby-go/internal/service/session/websocket.go:52.16,54.3 1 0
github.com/emby/emby-go/internal/service/session/websocket.go:56.2,68.20 6 0
github.com/emby/emby-go/internal/service/session/websocket.go:72.71,77.13 4 0
github.com/emby/emby-go/internal/service/session/websocket.go:77.13,79.3 1 0
github.com/emby/emby-go/internal/service/session/websocket.go:81.2,82.16 2 0
github.com/emby/emby-go/internal/service/session/websocket.go:82.16,84.3 1 0
github.com/emby/emby-go/internal/service/session/websocket.go:86.2,89.60 3 0
github.com/emby/emby-go/internal/service/session/websocket.go:93.59,95.16 2 0
github.com/emby/emby-go/internal/service/session/websocket.go:95.16,98.3 2 0
github.com/emby/emby-go/internal/service/session/websocket.go:100.2,103.38 3 0
github.com/emby/emby-go/internal/service/session/websocket.go:103.38,105.77 2 0
github.com/emby/emby-go/internal/service/session/websocket.go:105.77,107.4 1 0
github.com/emby/emby-go/internal/service/session/websocket.go:108.3,108.19 1 0
github.com/emby/emby-go/internal/service/session/websocket.go:113.56,117.47 3 0
github.com/emby/emby-go/internal/service/session/websocket.go:117.47,121.3 3 0
github.com/emby/emby-go/internal/service/session/websocket.go:125.53,129.2 3 0
github.com/emby/emby-go/internal/service/session/websocket.go:132.45,133.12 1 0
github.com/emby/emby-go/internal/service/session/websocket.go:133.12,137.22 3 0
github.com/emby/emby-go/internal/service/session/websocket.go:137.22,139.40 2 0
github.com/emby/emby-go/internal/service/session/websocket.go:139.40,141.50 2 0
github.com/emby/emby-go/internal/service/session/websocket.go:141.50,142.79 1 0
github.com/emby/emby-go/internal/service/session/websocket.go:142.79,146.15 4 0
github.com/emby/emby-go/internal/service/session/websocket.go:149.5,149.21 1 0
github.com/emby/emby-go/internal/service/session/websocket.go:151.4,151.18 1 0
